[0.051s] Invoking command in '/home/dd/task/build/multi_map_nav': CMAKE_PREFIX_PATH=/opt/ros/humble:/home/dd/task/install/multi_map_nav_interfaces LD_LIBRARY_PATH=/home/dd/task/install/multi_map_nav_interfaces/lib:${LD_LIBRARY_PATH} PKG_CONFIG_PATH=/home/dd/task/install/multi_map_nav_interfaces/lib/x86_64-linux-gnu/pkgconfig:/home/dd/task/install/multi_map_nav_interfaces/lib/pkgconfig PYTHONPATH=/home/dd/task/install/multi_map_nav_interfaces/local/lib/python3.10/dist-packages:${PYTHONPATH} ROS_PACKAGE_PATH=/home/dd/task/install/multi_map_nav_interfaces/share /usr/bin/cmake --build /home/dd/task/build/multi_map_nav -- -j8 -l8
[0.163s] [35m[1mConsolidate compiler generated dependencies of target multi_map_test_client[0m
[0.164s] [35m[1mConsolidate compiler generated dependencies of target multi_map_navigator_node[0m
[0.191s] [ 22%] Built target amcl_reset_node
[0.193s] [ 44%] Built target map_loader_node
[0.204s] [ 55%] [32mBuilding CXX object CMakeFiles/multi_map_test_client.dir/src/multi_map_test_client.cpp.o[0m
[0.207s] [ 66%] [32mBuilding CXX object CMakeFiles/multi_map_navigator_node.dir/src/multi_map_navigator.cpp.o[0m
[6.090s] [01m[K/home/dd/task/src/multi_map_nav/src/multi_map_navigator.cpp:[m[K In member function â€˜[01m[Kvoid MultiMapNavigator::send_goal(const PoseStamped&, const string&)[m[Kâ€™:
[6.091s] [01m[K/home/dd/task/src/multi_map_nav/src/multi_map_navigator.cpp:125:14:[m[K [01;31m[Kerror: [m[Kâ€˜[01m[Kstruct multi_map_nav_interfaces::action::MultiMapNavigate_Goal_<std::allocator<void> >[m[Kâ€™ has no member named â€˜[01m[Kgoal[m[Kâ€™
[6.091s]   125 |     goal_msg.[01;31m[Kgoal[m[K = goal_pose;
[6.091s]       |              [01;31m[K^~~~[m[K
[6.101s] In file included from [01m[K/opt/ros/humble/include/rclcpp/rclcpp/logging.hpp:24[m[K,
[6.101s]                  from [01m[K/opt/ros/humble/include/rclcpp/rclcpp/client.hpp:40[m[K,
[6.101s]                  from [01m[K/opt/ros/humble/include/rclcpp/rclcpp/callback_group.hpp:24[m[K,
[6.101s]                  from [01m[K/opt/ros/humble/include/rclcpp/rclcpp/any_executable.hpp:20[m[K,
[6.101s]                  from [01m[K/opt/ros/humble/include/rclcpp/rclcpp/memory_strategy.hpp:25[m[K,
[6.102s]                  from [01m[K/opt/ros/humble/include/rclcpp/rclcpp/memory_strategies.hpp:18[m[K,
[6.102s]                  from [01m[K/opt/ros/humble/include/rclcpp/rclcpp/executor_options.hpp:20[m[K,
[6.102s]                  from [01m[K/opt/ros/humble/include/rclcpp/rclcpp/executor.hpp:37[m[K,
[6.103s]                  from [01m[K/opt/ros/humble/include/rclcpp/rclcpp/executors/multi_threaded_executor.hpp:25[m[K,
[6.104s]                  from [01m[K/opt/ros/humble/include/rclcpp/rclcpp/executors.hpp:21[m[K,
[6.104s]                  from [01m[K/opt/ros/humble/include/rclcpp/rclcpp/rclcpp.hpp:155[m[K,
[6.105s]                  from [01m[K/home/dd/task/src/multi_map_nav/include/multi_map_nav/multi_map_navigator.hpp:4[m[K,
[6.105s]                  from [01m[K/home/dd/task/src/multi_map_nav/src/multi_map_navigator.cpp:1[m[K:
[6.105s] [01m[K/home/dd/task/src/multi_map_nav/src/multi_map_navigator.cpp:[m[K In member function â€˜[01m[Krclcpp_action::GoalResponse MultiMapNavigator::handle_goal(const GoalUUID&, std::shared_ptr<const multi_map_nav_interfaces::action::MultiMapNavigate_Goal_<std::allocator<void> > >)[m[Kâ€™:
[6.105s] [01m[K/home/dd/task/src/multi_map_nav/src/multi_map_navigator.cpp:145:21:[m[K [01;31m[Kerror: [m[Kâ€˜[01m[Kusing element_type = const struct multi_map_nav_interfaces::action::MultiMapNavigate_Goal_<std::allocator<void> >[m[Kâ€™ {aka â€˜[01m[Kconst struct multi_map_nav_interfaces::action::MultiMapNavigate_Goal_<std::allocator<void> >[m[Kâ€™} has no member named â€˜[01m[Kstart[m[Kâ€™
[6.106s]   145 |               goal->[01;31m[Kstart[m[K.pose.position.x, goal->start.pose.position.y,
[6.106s]       |                     [01;31m[K^~~~~[m[K
[6.106s] [01m[K/home/dd/task/src/multi_map_nav/src/multi_map_navigator.cpp:145:50:[m[K [01;31m[Kerror: [m[Kâ€˜[01m[Kusing element_type = const struct multi_map_nav_interfaces::action::MultiMapNavigate_Goal_<std::allocator<void> >[m[Kâ€™ {aka â€˜[01m[Kconst struct multi_map_nav_interfaces::action::MultiMapNavigate_Goal_<std::allocator<void> >[m[Kâ€™} has no member named â€˜[01m[Kstart[m[Kâ€™
[6.106s]   145 |               goal->start.pose.position.x, goal->[01;31m[Kstart[m[K.pose.position.y,
[6.106s]       |                                                  [01;31m[K^~~~~[m[K
[6.107s] [01m[K/home/dd/task/src/multi_map_nav/src/multi_map_navigator.cpp:146:21:[m[K [01;31m[Kerror: [m[Kâ€˜[01m[Kusing element_type = const struct multi_map_nav_interfaces::action::MultiMapNavigate_Goal_<std::allocator<void> >[m[Kâ€™ {aka â€˜[01m[Kconst struct multi_map_nav_interfaces::action::MultiMapNavigate_Goal_<std::allocator<void> >[m[Kâ€™} has no member named â€˜[01m[Kgoal[m[Kâ€™
[6.107s]   146 |               goal->[01;31m[Kgoal[m[K.pose.position.x, goal->goal.pose.position.y);
[6.107s]       |                     [01;31m[K^~~~[m[K
[6.107s] [01m[K/home/dd/task/src/multi_map_nav/src/multi_map_navigator.cpp:146:49:[m[K [01;31m[Kerror: [m[Kâ€˜[01m[Kusing element_type = const struct multi_map_nav_interfaces::action::MultiMapNavigate_Goal_<std::allocator<void> >[m[Kâ€™ {aka â€˜[01m[Kconst struct multi_map_nav_interfaces::action::MultiMapNavigate_Goal_<std::allocator<void> >[m[Kâ€™} has no member named â€˜[01m[Kgoal[m[Kâ€™
[6.107s]   146 |               goal->goal.pose.position.x, goal->[01;31m[Kgoal[m[K.pose.position.y);
[6.107s]       |                                                 [01;31m[K^~~~[m[K
[6.109s] [01m[K/home/dd/task/src/multi_map_nav/src/multi_map_navigator.cpp:[m[K In lambda function:
[6.109s] [01m[K/home/dd/task/src/multi_map_nav/src/multi_map_navigator.cpp:168:23:[m[K [01;31m[Kerror: [m[Kâ€˜[01m[Kusing element_type = const struct multi_map_nav_interfaces::action::MultiMapNavigate_Goal_<std::allocator<void> >[m[Kâ€™ {aka â€˜[01m[Kconst struct multi_map_nav_interfaces::action::MultiMapNavigate_Goal_<std::allocator<void> >[m[Kâ€™} has no member named â€˜[01m[Kgoal[m[Kâ€™
[6.109s]   168 |       send_goal(goal->[01;31m[Kgoal[m[K, goal->target_map);  // Goal pose and target map
[6.109s]       |                       [01;31m[K^~~~[m[K
[8.321s] gmake[2]: *** [CMakeFiles/multi_map_navigator_node.dir/build.make:90: CMakeFiles/multi_map_navigator_node.dir/src/multi_map_navigator.cpp.o] Error 1
[8.322s] gmake[1]: *** [CMakeFiles/Makefile2:143: CMakeFiles/multi_map_navigator_node.dir/all] Error 2
[8.322s] gmake[1]: *** Waiting for unfinished jobs....
[9.211s] [ 77%] [32m[1mLinking CXX executable multi_map_test_client[0m
[9.730s] [ 77%] Built target multi_map_test_client
[9.732s] gmake: *** [Makefile:146: all] Error 2
[9.737s] Invoked command in '/home/dd/task/build/multi_map_nav' returned '2': CMAKE_PREFIX_PATH=/opt/ros/humble:/home/dd/task/install/multi_map_nav_interfaces LD_LIBRARY_PATH=/home/dd/task/install/multi_map_nav_interfaces/lib:${LD_LIBRARY_PATH} PKG_CONFIG_PATH=/home/dd/task/install/multi_map_nav_interfaces/lib/x86_64-linux-gnu/pkgconfig:/home/dd/task/install/multi_map_nav_interfaces/lib/pkgconfig PYTHONPATH=/home/dd/task/install/multi_map_nav_interfaces/local/lib/python3.10/dist-packages:${PYTHONPATH} ROS_PACKAGE_PATH=/home/dd/task/install/multi_map_nav_interfaces/share /usr/bin/cmake --build /home/dd/task/build/multi_map_nav -- -j8 -l8
