[0.054s] Invoking command in '/home/dd/task/build/multi_map_nav': CMAKE_PREFIX_PATH=/opt/ros/humble:/home/dd/task/install/multi_map_nav_interfaces:/home/dd/task/install/multi_map_nav /usr/bin/cmake --build /home/dd/task/build/multi_map_nav -- -j8 -l8
[0.314s] [ 18%] Built target map_loader_node
[0.388s] [35m[1mConsolidate compiler generated dependencies of target multi_map_navigator_node[0m
[0.393s] [ 36%] Built target multi_map_navigator_server
[0.457s] [ 54%] Built target amcl_reset_node
[0.471s] [ 72%] Built target multi_map_test_client
[0.491s] [ 81%] [32mBuilding CXX object CMakeFiles/multi_map_navigator_node.dir/src/multi_map_navigator.cpp.o[0m
[18.939s] [01m[K/home/dd/task/src/multi_map_nav/src/multi_map_navigator.cpp:[m[K In member function â€˜[01m[Kvoid MultiMapNavigator::send_goal(double, double, double, const string&)[m[Kâ€™:
[18.939s] [01m[K/home/dd/task/src/multi_map_nav/src/multi_map_navigator.cpp:83:27:[m[K [01;31m[Kerror: [m[Kâ€˜[01m[Kconst struct rclcpp_action::ClientGoalHandle<multi_map_nav_interfaces::action::MultiMapNavigate>::WrappedResult[m[Kâ€™ has no member named â€˜[01m[Ksuccess[m[Kâ€™
[18.939s]    83 |   if (result_future.get().[01;31m[Ksuccess[m[K) {
[18.939s]       |                           [01;31m[K^~~~~~~[m[K
[22.555s] gmake[2]: *** [CMakeFiles/multi_map_navigator_node.dir/build.make:90: CMakeFiles/multi_map_navigator_node.dir/src/multi_map_navigator.cpp.o] Error 1
[22.555s] gmake[1]: *** [CMakeFiles/Makefile2:145: CMakeFiles/multi_map_navigator_node.dir/all] Error 2
[22.555s] gmake: *** [Makefile:146: all] Error 2
[22.561s] Invoked command in '/home/dd/task/build/multi_map_nav' returned '2': CMAKE_PREFIX_PATH=/opt/ros/humble:/home/dd/task/install/multi_map_nav_interfaces:/home/dd/task/install/multi_map_nav /usr/bin/cmake --build /home/dd/task/build/multi_map_nav -- -j8 -l8
