[0.337s] Invoking command in '/home/dd/task/build/multi_map_nav': CMAKE_PREFIX_PATH=/opt/ros/humble:/home/dd/task/install/multi_map_nav_interfaces:/home/dd/task/install/multi_map_nav /usr/bin/cmake --build /home/dd/task/build/multi_map_nav -- -j8 -l8
[1.045s] -- Found ament_cmake: 1.3.11 (/opt/ros/humble/share/ament_cmake/cmake)
[1.665s] -- Found rclcpp: 16.0.12 (/opt/ros/humble/share/rclcpp/cmake)
[2.258s] -- Found rosidl_generator_c: 3.1.6 (/opt/ros/humble/share/rosidl_generator_c/cmake)
[2.300s] -- Found rosidl_adapter: 3.1.6 (/opt/ros/humble/share/rosidl_adapter/cmake)
[2.347s] -- Found rosidl_generator_cpp: 3.1.6 (/opt/ros/humble/share/rosidl_generator_cpp/cmake)
[2.459s] -- Using all available rosidl_typesupport_c: rosidl_typesupport_fastrtps_c;rosidl_typesupport_introspection_c
[2.553s] -- Using all available rosidl_typesupport_cpp: rosidl_typesupport_fastrtps_cpp;rosidl_typesupport_introspection_cpp
[2.793s] -- Found rmw_implementation_cmake: 6.1.2 (/opt/ros/humble/share/rmw_implementation_cmake/cmake)
[2.853s] -- Found rmw_fastrtps_cpp: 6.2.7 (/opt/ros/humble/share/rmw_fastrtps_cpp/cmake)
[3.506s] -- Using RMW implementation 'rmw_fastrtps_cpp' as default
[3.875s] -- Found rclcpp_action: 16.0.12 (/opt/ros/humble/share/rclcpp_action/cmake)
[4.041s] -- Found nav2_msgs: 1.1.18 (/opt/ros/humble/share/nav2_msgs/cmake)
[4.285s] -- Found sqlite3_vendor: 0.15.14 (/opt/ros/humble/share/sqlite3_vendor/cmake)
[4.308s] -- Found multi_map_nav_interfaces: 0.0.1 (/home/dd/task/install/multi_map_nav_interfaces/share/multi_map_nav_interfaces/cmake)
[4.404s] -- Found std_srvs: 4.8.0 (/opt/ros/humble/share/std_srvs/cmake)
[4.489s] -- Found nav2_amcl: 1.1.18 (/opt/ros/humble/share/nav2_amcl/cmake)
[4.940s] -- Found eigen3_cmake_module: 0.1.1 (/opt/ros/humble/share/eigen3_cmake_module/cmake)
[4.961s] -- Ensuring Eigen3 include directory is part of orocos-kdl CMake target
[5.821s] -- Configuring done
[6.847s] -- Generating done
[6.885s] -- Build files have been written to: /home/dd/task/build/multi_map_nav
[6.992s] [35m[1mConsolidate compiler generated dependencies of target map_loader_node[0m
[6.998s] [  9%] [32mBuilding CXX object CMakeFiles/multi_map_navigator_server.dir/src/multi_map_navigator_server.cpp.o[0m
[7.016s] [35m[1mConsolidate compiler generated dependencies of target amcl_reset_node[0m
[7.024s] [ 27%] Built target map_loader_node
[7.025s] [35m[1mConsolidate compiler generated dependencies of target multi_map_test_client[0m
[7.054s] [ 45%] Built target amcl_reset_node
[7.057s] [ 63%] Built target multi_map_test_client
[7.108s] [35m[1mConsolidate compiler generated dependencies of target multi_map_navigator_node[0m
[7.150s] [ 90%] Built target multi_map_navigator_node
[14.287s] [01m[K/home/dd/task/src/multi_map_nav/src/multi_map_navigator_server.cpp:[m[K In member function â€˜[01m[Krclcpp_action::GoalResponse MultiMapNavigatorServer::handle_goal(const GoalUUID&, std::shared_ptr<const multi_map_nav_interfaces::action::MultiMapNavigate_Goal_<std::allocator<void> > >)[m[Kâ€™:
[14.287s] [01m[K/home/dd/task/src/multi_map_nav/src/multi_map_navigator_server.cpp:28:37:[m[K [01;35m[Kwarning: [m[Kunused parameter â€˜[01m[Kuuid[m[Kâ€™ [[01;35m[K]8;;https://gcc.gnu.org/onlinedocs/gcc/Warning-Options.html#index-Wunused-parameter-Wunused-parameter]8;;[m[K]
[14.288s]    28 |     [01;35m[Kconst rclcpp_action::GoalUUID & uuid[m[K,
[14.288s]       |     [01;35m[K~~~~~~~~~~~~~~~~~~~~~~~~~~~~~~~~^~~~[m[K
[14.303s] [01m[K/home/dd/task/src/multi_map_nav/src/multi_map_navigator_server.cpp:[m[K In lambda function:
[14.304s] [01m[K/home/dd/task/src/multi_map_nav/src/multi_map_navigator_server.cpp:60:15:[m[K [01;31m[Kerror: [m[Kâ€˜[01m[Kusing element_type = struct multi_map_nav_interfaces::action::MultiMapNavigate_Result_<std::allocator<void> >[m[Kâ€™ {aka â€˜[01m[Kstruct multi_map_nav_interfaces::action::MultiMapNavigate_Result_<std::allocator<void> >[m[Kâ€™} has no member named â€˜[01m[Kcurrent_status[m[Kâ€™
[14.304s]    60 |       result->[01;31m[Kcurrent_status[m[K = "Arrived at " + goal->target_map;
[14.304s]       |               [01;31m[K^~~~~~~~~~~~~~[m[K
[15.753s] gmake[2]: *** [CMakeFiles/multi_map_navigator_server.dir/build.make:76: CMakeFiles/multi_map_navigator_server.dir/src/multi_map_navigator_server.cpp.o] Error 1
[15.753s] gmake[1]: *** [CMakeFiles/Makefile2:171: CMakeFiles/multi_map_navigator_server.dir/all] Error 2
[15.756s] gmake: *** [Makefile:146: all] Error 2
[15.758s] Invoked command in '/home/dd/task/build/multi_map_nav' returned '2': CMAKE_PREFIX_PATH=/opt/ros/humble:/home/dd/task/install/multi_map_nav_interfaces:/home/dd/task/install/multi_map_nav /usr/bin/cmake --build /home/dd/task/build/multi_map_nav -- -j8 -l8
