[0.018s] Invoking command in '/home/dd/task/build/multi_map_nav': CMAKE_PREFIX_PATH=/opt/ros/humble:/home/dd/task/install/multi_map_nav_interfaces LD_LIBRARY_PATH=/home/dd/task/install/multi_map_nav_interfaces/lib:${LD_LIBRARY_PATH} PKG_CONFIG_PATH=/home/dd/task/install/multi_map_nav_interfaces/lib/x86_64-linux-gnu/pkgconfig:/home/dd/task/install/multi_map_nav_interfaces/lib/pkgconfig PYTHONPATH=/home/dd/task/install/multi_map_nav_interfaces/local/lib/python3.10/dist-packages:${PYTHONPATH} ROS_PACKAGE_PATH=/home/dd/task/install/multi_map_nav_interfaces/share /usr/bin/cmake --build /home/dd/task/build/multi_map_nav -- -j8 -l8
[0.154s] [ 28%] Built target map_loader_node
[0.154s] [ 57%] Built target amcl_reset_node
[0.157s] [ 71%] [32mBuilding CXX object CMakeFiles/multi_map_navigator_node.dir/src/multi_map_navigator.cpp.o[0m
[11.515s] [01m[K/home/dd/task/src/multi_map_nav/src/multi_map_navigator.cpp:[m[K In member function â€˜[01m[Kgeometry_msgs::msg::PoseStamped MultiMapNavigator::get_wormhole_pose(const string&, const string&)[m[Kâ€™:
[11.515s] [01m[K/home/dd/task/src/multi_map_nav/src/multi_map_navigator.cpp:48:8:[m[K [01;31m[Kerror: [m[Kâ€˜[01m[Kstd::strstd[m[Kâ€™ has not been declared
[11.515s]    48 |   std::[01;31m[Kstrstd[m[K::string sql = "SELECT from_pose_x, from_pose_y, from_theta FROM wormholes WHERE from_map='" + from_map + "' AND to_map='" + to_map + "' LIMIT 1;";
[11.516s]       |        [01;31m[K^~~~~~[m[K
[11.546s] [01m[K/home/dd/task/src/multi_map_nav/src/multi_map_navigator.cpp:50:31:[m[K [01;31m[Kerror: [m[Kâ€˜[01m[Ksql[m[Kâ€™ was not declared in this scope
[11.546s]    50 |   if (sqlite3_prepare_v2(db_, [01;31m[Ksql[m[K.c_str(), -1, &stmt, nullptr) == SQLITE_OK) {
[11.546s]       |                               [01;31m[K^~~[m[K
[15.197s] gmake[2]: *** [CMakeFiles/multi_map_navigator_node.dir/build.make:90: CMakeFiles/multi_map_navigator_node.dir/src/multi_map_navigator.cpp.o] Error 1
[15.197s] gmake[1]: *** [CMakeFiles/Makefile2:141: CMakeFiles/multi_map_navigator_node.dir/all] Error 2
[15.198s] gmake: *** [Makefile:146: all] Error 2
[15.203s] Invoked command in '/home/dd/task/build/multi_map_nav' returned '2': CMAKE_PREFIX_PATH=/opt/ros/humble:/home/dd/task/install/multi_map_nav_interfaces LD_LIBRARY_PATH=/home/dd/task/install/multi_map_nav_interfaces/lib:${LD_LIBRARY_PATH} PKG_CONFIG_PATH=/home/dd/task/install/multi_map_nav_interfaces/lib/x86_64-linux-gnu/pkgconfig:/home/dd/task/install/multi_map_nav_interfaces/lib/pkgconfig PYTHONPATH=/home/dd/task/install/multi_map_nav_interfaces/local/lib/python3.10/dist-packages:${PYTHONPATH} ROS_PACKAGE_PATH=/home/dd/task/install/multi_map_nav_interfaces/share /usr/bin/cmake --build /home/dd/task/build/multi_map_nav -- -j8 -l8
