[0.026s] Invoking command in '/home/dd/task/build/multi_map_nav': CMAKE_PREFIX_PATH=/opt/ros/humble:/home/dd/task/install/multi_map_nav_interfaces:/home/dd/task/install/multi_map_nav /usr/bin/cmake --build /home/dd/task/build/multi_map_nav -- -j8 -l8
[0.114s] [35m[1mConsolidate compiler generated dependencies of target multi_map_navigator_server[0m
[0.173s] [ 18%] Built target map_loader_node
[0.179s] [ 36%] [32mBuilding CXX object CMakeFiles/multi_map_navigator_server.dir/src/multi_map_navigator_server.cpp.o[0m
[0.179s] [ 36%] [32mBuilding CXX object CMakeFiles/multi_map_navigator_node.dir/src/multi_map_navigator.cpp.o[0m
[0.182s] [ 54%] Built target amcl_reset_node
[0.183s] [ 72%] Built target multi_map_test_client
[5.410s] [01m[K/home/dd/task/src/multi_map_nav/src/multi_map_navigator_server.cpp:[m[K In member function â€˜[01m[Krclcpp_action::GoalResponse MultiMapNavigatorServer::handle_goal(const GoalUUID&, std::shared_ptr<const multi_map_nav_interfaces::action::MultiMapNavigate_Goal_<std::allocator<void> > >)[m[Kâ€™:
[5.410s] [01m[K/home/dd/task/src/multi_map_nav/src/multi_map_navigator_server.cpp:28:37:[m[K [01;35m[Kwarning: [m[Kunused parameter â€˜[01m[Kuuid[m[Kâ€™ [[01;35m[K]8;;https://gcc.gnu.org/onlinedocs/gcc/Warning-Options.html#index-Wunused-parameter-Wunused-parameter]8;;[m[K]
[5.410s]    28 |     [01;35m[Kconst rclcpp_action::GoalUUID & uuid[m[K,
[5.411s]       |     [01;35m[K~~~~~~~~~~~~~~~~~~~~~~~~~~~~~~~~^~~~[m[K
[5.423s] [01m[K/home/dd/task/src/multi_map_nav/src/multi_map_navigator_server.cpp:[m[K In lambda function:
[5.424s] [01m[K/home/dd/task/src/multi_map_nav/src/multi_map_navigator_server.cpp:60:15:[m[K [01;31m[Kerror: [m[Kâ€˜[01m[Kusing element_type = struct multi_map_nav_interfaces::action::MultiMapNavigate_Result_<std::allocator<void> >[m[Kâ€™ {aka â€˜[01m[Kstruct multi_map_nav_interfaces::action::MultiMapNavigate_Result_<std::allocator<void> >[m[Kâ€™} has no member named â€˜[01m[Kcurrent_status[m[Kâ€™
[5.424s]    60 |       result->[01;31m[Kcurrent_status[m[K = "Arrived at " + goal->target_map;
[5.425s]       |               [01;31m[K^~~~~~~~~~~~~~[m[K
[5.596s] [01m[K/home/dd/task/src/multi_map_nav/src/multi_map_navigator.cpp:[m[K In member function â€˜[01m[Krclcpp_action::GoalResponse MultiMapNavigatorServer::handle_goal(const GoalUUID&, std::shared_ptr<const multi_map_nav_interfaces::action::MultiMapNavigate_Goal_<std::allocator<void> > >)[m[Kâ€™:
[5.596s] [01m[K/home/dd/task/src/multi_map_nav/src/multi_map_navigator.cpp:30:37:[m[K [01;35m[Kwarning: [m[Kunused parameter â€˜[01m[Kuuid[m[Kâ€™ [[01;35m[K]8;;https://gcc.gnu.org/onlinedocs/gcc/Warning-Options.html#index-Wunused-parameter-Wunused-parameter]8;;[m[K]
[5.596s]    30 |     [01;35m[Kconst rclcpp_action::GoalUUID & uuid[m[K,
[5.596s]       |     [01;35m[K~~~~~~~~~~~~~~~~~~~~~~~~~~~~~~~~^~~~[m[K
[7.489s] gmake[2]: *** [CMakeFiles/multi_map_navigator_server.dir/build.make:76: CMakeFiles/multi_map_navigator_server.dir/src/multi_map_navigator_server.cpp.o] Error 1
[7.489s] gmake[1]: *** [CMakeFiles/Makefile2:171: CMakeFiles/multi_map_navigator_server.dir/all] Error 2
[7.489s] gmake[1]: *** Waiting for unfinished jobs....
[12.010s] [ 81%] [32m[1mLinking CXX executable multi_map_navigator_node[0m
[12.210s] /usr/bin/ld: CMakeFiles/multi_map_navigator_node.dir/src/multi_map_navigator.cpp.o: in function `main':
[12.210s] multi_map_navigator.cpp:(.text+0xb): multiple definition of `main'; CMakeFiles/multi_map_navigator_node.dir/src/main.cpp.o:main.cpp:(.text+0x0): first defined here
[13.021s] /usr/bin/ld: CMakeFiles/multi_map_navigator_node.dir/src/main.cpp.o: in function `void __gnu_cxx::new_allocator<MultiMapNavigator>::construct<MultiMapNavigator>(MultiMapNavigator*)':
[13.021s] main.cpp:(.text._ZN9__gnu_cxx13new_allocatorI17MultiMapNavigatorE9constructIS1_JEEEvPT_DpOT0_[_ZN9__gnu_cxx13new_allocatorI17MultiMapNavigatorE9constructIS1_JEEEvPT_DpOT0_]+0x31): undefined reference to `MultiMapNavigator::MultiMapNavigator()'
[13.055s] collect2: error: ld returned 1 exit status
[13.072s] gmake[2]: *** [CMakeFiles/multi_map_navigator_node.dir/build.make:412: multi_map_navigator_node] Error 1
[13.073s] gmake[1]: *** [CMakeFiles/Makefile2:145: CMakeFiles/multi_map_navigator_node.dir/all] Error 2
[13.073s] gmake: *** [Makefile:146: all] Error 2
[13.079s] Invoked command in '/home/dd/task/build/multi_map_nav' returned '2': CMAKE_PREFIX_PATH=/opt/ros/humble:/home/dd/task/install/multi_map_nav_interfaces:/home/dd/task/install/multi_map_nav /usr/bin/cmake --build /home/dd/task/build/multi_map_nav -- -j8 -l8
