[0.021s] Invoking command in '/home/dd/task/build/multi_map_nav': CMAKE_PREFIX_PATH=/opt/ros/humble:/home/dd/task/install/multi_map_nav_interfaces:/home/dd/task/install/multi_map_nav /usr/bin/cmake --build /home/dd/task/build/multi_map_nav -- -j8 -l8
[0.126s] [35m[1mConsolidate compiler generated dependencies of target multi_map_navigator_node[0m
[0.154s] [ 18%] Built target map_loader_node
[0.156s] [ 36%] Built target multi_map_navigator_server
[0.167s] [ 54%] Built target multi_map_test_client
[0.168s] [ 72%] Built target amcl_reset_node
[0.190s] [ 81%] [32mBuilding CXX object CMakeFiles/multi_map_navigator_node.dir/src/multi_map_navigator.cpp.o[0m
[6.189s] [01m[K/home/dd/task/src/multi_map_nav/src/multi_map_navigator.cpp:[m[K In member function â€˜[01m[Kvoid MultiMapNavigator::send_goal(double, double, double, const string&)[m[Kâ€™:
[6.189s] [01m[K/home/dd/task/src/multi_map_nav/src/multi_map_navigator.cpp:87:14:[m[K [01;31m[Kerror: [m[Kâ€˜[01m[Kstruct rclcpp_action::ClientGoalHandle<multi_map_nav_interfaces::action::MultiMapNavigate>::WrappedResult[m[Kâ€™ has no member named â€˜[01m[Ksuccess[m[Kâ€™
[6.189s]    87 |   if (result.[01;31m[Ksuccess[m[K){  // Access success here
[6.189s]       |              [01;31m[K^~~~~~~[m[K
[9.772s] gmake[2]: *** [CMakeFiles/multi_map_navigator_node.dir/build.make:90: CMakeFiles/multi_map_navigator_node.dir/src/multi_map_navigator.cpp.o] Error 1
[9.773s] gmake[1]: *** [CMakeFiles/Makefile2:145: CMakeFiles/multi_map_navigator_node.dir/all] Error 2
[9.773s] gmake: *** [Makefile:146: all] Error 2
[9.776s] Invoked command in '/home/dd/task/build/multi_map_nav' returned '2': CMAKE_PREFIX_PATH=/opt/ros/humble:/home/dd/task/install/multi_map_nav_interfaces:/home/dd/task/install/multi_map_nav /usr/bin/cmake --build /home/dd/task/build/multi_map_nav -- -j8 -l8
