[35m[1mConsolidate compiler generated dependencies of target multi_map_navigator_node[0m
[ 44%] Built target map_loader_node
[ 44%] Built target amcl_reset_node
[ 66%] Built target multi_map_test_client
[ 77%] [32mBuilding CXX object CMakeFiles/multi_map_navigator_node.dir/src/main.cpp.o[0m
[ 88%] [32mBuilding CXX object CMakeFiles/multi_map_navigator_node.dir/src/multi_map_navigator.cpp.o[0m
[01m[K/home/dd/task/src/multi_map_nav/src/multi_map_navigator.cpp:[m[K In lambda function:
[01m[K/home/dd/task/src/multi_map_nav/src/multi_map_navigator.cpp:50:70:[m[K [01;31m[Kerror: [m[Kâ€˜[01m[Kusing element_type = struct multi_map_nav_interfaces::action::MultiMapNavigate_Result_<std::allocator<void> >[m[Kâ€™ {aka â€˜[01m[Kstruct multi_map_nav_interfaces::action::MultiMapNavigate_Result_<std::allocator<void> >[m[Kâ€™} has no member named â€˜[01m[Kcurrent_status[m[Kâ€™
   50 |         this->current_map_ = result.result->success ? result.result->[01;31m[Kcurrent_status[m[K : this->current_map_;
      |                                                                      [01;31m[K^~~~~~~~~~~~~~[m[K
gmake[2]: *** [CMakeFiles/multi_map_navigator_node.dir/build.make:90: CMakeFiles/multi_map_navigator_node.dir/src/multi_map_navigator.cpp.o] Error 1
gmake[1]: *** [CMakeFiles/Makefile2:143: CMakeFiles/multi_map_navigator_node.dir/all] Error 2
gmake: *** [Makefile:146: all] Error 2
