[0.020s] Invoking command in '/home/dd/task/build/multi_map_nav': CMAKE_PREFIX_PATH=/opt/ros/humble:/home/dd/task/install/multi_map_nav_interfaces:/home/dd/task/install/multi_map_nav /usr/bin/cmake --build /home/dd/task/build/multi_map_nav -- -j8 -l8
[0.110s] [35m[1mConsolidate compiler generated dependencies of target multi_map_navigator_node[0m
[0.135s] [ 22%] Built target map_loader_node
[0.141s] [ 44%] Built target multi_map_test_client
[0.142s] [ 66%] Built target amcl_reset_node
[0.155s] [ 88%] [32mBuilding CXX object CMakeFiles/multi_map_navigator_node.dir/src/multi_map_navigator.cpp.o[0m
[0.156s] [ 88%] [32mBuilding CXX object CMakeFiles/multi_map_navigator_node.dir/src/main.cpp.o[0m
[5.904s] [01m[K/home/dd/task/src/multi_map_nav/src/multi_map_navigator.cpp:[m[K In member function â€˜[01m[Kvoid MultiMapNavigator::send_goal(const PoseStamped&, const string&)[m[Kâ€™:
[5.904s] [01m[K/home/dd/task/src/multi_map_nav/src/multi_map_navigator.cpp:129:22:[m[K [01;31m[Kerror: [m[Kâ€˜[01m[Ktf2[m[Kâ€™ has not been declared
[5.904s]   129 |     goal_msg.theta = [01;31m[Ktf2[m[K::getYaw(goal_pose.pose.orientation); // Assuming `theta` is stored as yaw
[5.904s]       |                      [01;31m[K^~~[m[K
[5.916s] [01m[K/home/dd/task/src/multi_map_nav/src/multi_map_navigator.cpp:145:31:[m[K [01;31m[Kerror: [m[Kâ€˜[01m[Ktf2[m[Kâ€™ has not been declared
[5.916s]   145 |     wormhole_goal_msg.theta = [01;31m[Ktf2[m[K::getYaw(wormhole_pose.pose.orientation);
[5.916s]       |                               [01;31m[K^~~[m[K
[5.944s] [01m[K/home/dd/task/src/multi_map_nav/src/multi_map_navigator.cpp:151:5:[m[K [01;31m[Kerror: [m[Kâ€˜[01m[Kwait_for_goal_to_complete[m[Kâ€™ was not declared in this scope
[5.944s]   151 |     [01;31m[Kwait_for_goal_to_complete[m[K();  // Simulate waiting for wormhole navigation to complete
[5.945s]       |     [01;31m[K^~~~~~~~~~~~~~~~~~~~~~~~~[m[K
[5.945s] [01m[K/home/dd/task/src/multi_map_nav/src/multi_map_navigator.cpp:161:28:[m[K [01;31m[Kerror: [m[Kâ€˜[01m[Ktf2[m[Kâ€™ has not been declared
[5.945s]   161 |     final_goal_msg.theta = [01;31m[Ktf2[m[K::getYaw(goal_pose.pose.orientation);
[5.945s]       |                            [01;31m[K^~~[m[K
[5.945s] [01m[K/home/dd/task/src/multi_map_nav/src/multi_map_navigator.cpp:[m[K At global scope:
[5.946s] [01m[K/home/dd/task/src/multi_map_nav/src/multi_map_navigator.cpp:169:6:[m[K [01;31m[Kerror: [m[Kno declaration matches â€˜[01m[Kvoid MultiMapNavigator::wait_for_goal_to_complete()[m[Kâ€™
[5.946s]   169 | void [01;31m[KMultiMapNavigator[m[K::wait_for_goal_to_complete() {
[5.946s]       |      [01;31m[K^~~~~~~~~~~~~~~~~[m[K
[5.946s] [01m[K/home/dd/task/src/multi_map_nav/src/multi_map_navigator.cpp:169:6:[m[K [01;36m[Knote: [m[Kno functions named â€˜[01m[Kvoid MultiMapNavigator::wait_for_goal_to_complete()[m[Kâ€™
[5.946s] In file included from [01m[K/home/dd/task/src/multi_map_nav/src/multi_map_navigator.cpp:1[m[K:
[5.946s] [01m[K/home/dd/task/src/multi_map_nav/include/multi_map_nav/multi_map_navigator.hpp:11:7:[m[K [01;36m[Knote: [m[Kâ€˜[01m[Kclass MultiMapNavigator[m[Kâ€™ defined here
[5.947s]    11 | class [01;36m[KMultiMapNavigator[m[K : public rclcpp::Node
[5.947s]       |       [01;36m[K^~~~~~~~~~~~~~~~~[m[K
[5.993s] In file included from [01m[K/opt/ros/humble/include/rclcpp/rclcpp/logging.hpp:24[m[K,
[5.993s]                  from [01m[K/opt/ros/humble/include/rclcpp/rclcpp/client.hpp:40[m[K,
[5.994s]                  from [01m[K/opt/ros/humble/include/rclcpp/rclcpp/callback_group.hpp:24[m[K,
[5.994s]                  from [01m[K/opt/ros/humble/include/rclcpp/rclcpp/any_executable.hpp:20[m[K,
[5.994s]                  from [01m[K/opt/ros/humble/include/rclcpp/rclcpp/memory_strategy.hpp:25[m[K,
[5.994s]                  from [01m[K/opt/ros/humble/include/rclcpp/rclcpp/memory_strategies.hpp:18[m[K,
[5.994s]                  from [01m[K/opt/ros/humble/include/rclcpp/rclcpp/executor_options.hpp:20[m[K,
[5.994s]                  from [01m[K/opt/ros/humble/include/rclcpp/rclcpp/executor.hpp:37[m[K,
[5.995s]                  from [01m[K/opt/ros/humble/include/rclcpp/rclcpp/executors/multi_threaded_executor.hpp:25[m[K,
[5.995s]                  from [01m[K/opt/ros/humble/include/rclcpp/rclcpp/executors.hpp:21[m[K,
[5.995s]                  from [01m[K/opt/ros/humble/include/rclcpp/rclcpp/rclcpp.hpp:155[m[K,
[5.995s]                  from [01m[K/home/dd/task/src/multi_map_nav/include/multi_map_nav/multi_map_navigator.hpp:4[m[K,
[5.995s]                  from [01m[K/home/dd/task/src/multi_map_nav/src/multi_map_navigator.cpp:1[m[K:
[5.995s] [01m[K/home/dd/task/src/multi_map_nav/src/multi_map_navigator.cpp:[m[K In member function â€˜[01m[Krclcpp_action::GoalResponse MultiMapNavigator::handle_goal(const GoalUUID&, std::shared_ptr<const multi_map_nav_interfaces::action::MultiMapNavigate_Goal_<std::allocator<void> > >)[m[Kâ€™:
[5.996s] [01m[K/home/dd/task/src/multi_map_nav/src/multi_map_navigator.cpp:182:35:[m[K [01;35m[Kwarning: [m[Kformat â€˜[01m[K%f[m[Kâ€™ expects argument of type â€˜[01m[Kdouble[m[Kâ€™, but argument 8 has type â€˜[01m[Kconst char*[m[Kâ€™ [[01;35m[K]8;;https://gcc.gnu.org/onlinedocs/gcc/Warning-Options.html#index-Wformat=-Wformat=]8;;[m[K]
[5.996s]   182 |   RCLCPP_INFO(this->get_logger(), [01;35m[K"Received goal: Start Position - (%f, %f), Goal Position - (%f, %f)"[m[K,
[5.996s]       |                                   [01;35m[K^~~~~~~~~~~~~~~~~~~~~~~~~~~~~~~~~~~~~~~~~~~~~~~~~~~~~~~~~~~~~~~~~~~~[m[K
[5.996s]   183 |               goal->x, goal->y, goal->theta, [32m[Kgoal->target_map.c_str()[m[K);
[5.996s]       |                                              [32m[K~~~~~~~~~~~~~~~~~~~~~~~~[m[K
[5.996s]       |                                                                    [32m[K|[m[K
[5.997s]       |                                                                    [32m[Kconst char*[m[K
[5.997s] [01m[K/home/dd/task/src/multi_map_nav/src/multi_map_navigator.cpp:182:100:[m[K [01;36m[Knote: [m[Kformat string is defined here
[5.997s]   182 |   RCLCPP_INFO(this->get_logger(), "Received goal: Start Position - (%f, %f), Goal Position - (%f, [01;36m[K%f[m[K)",
[5.997s]       |                                                                                                   [01;36m[K~^[m[K
[5.998s]       |                                                                                                    [01;36m[K|[m[K
[5.998s]       |                                                                                                    [01;36m[Kdouble[m[K
[5.998s]       |                                                                                                   [32m[K%s[m[K
[5.998s] [01m[K/home/dd/task/src/multi_map_nav/src/multi_map_navigator.cpp:[m[K In lambda function:
[5.999s] [01m[K/home/dd/task/src/multi_map_nav/src/multi_map_navigator.cpp:205:23:[m[K [01;31m[Kerror: [m[Kâ€˜[01m[Kusing element_type = const struct multi_map_nav_interfaces::action::MultiMapNavigate_Goal_<std::allocator<void> >[m[Kâ€™ {aka â€˜[01m[Kconst struct multi_map_nav_interfaces::action::MultiMapNavigate_Goal_<std::allocator<void> >[m[Kâ€™} has no member named â€˜[01m[Kgoal[m[Kâ€™
[5.999s]   205 |       send_goal(goal->[01;31m[Kgoal[m[K, goal->target_map);  // Goal pose and target map
[5.999s]       |                       [01;31m[K^~~~[m[K
[8.022s] gmake[2]: *** [CMakeFiles/multi_map_navigator_node.dir/build.make:90: CMakeFiles/multi_map_navigator_node.dir/src/multi_map_navigator.cpp.o] Error 1
[8.022s] gmake[1]: *** [CMakeFiles/Makefile2:143: CMakeFiles/multi_map_navigator_node.dir/all] Error 2
[8.023s] gmake: *** [Makefile:146: all] Error 2
[8.026s] Invoked command in '/home/dd/task/build/multi_map_nav' returned '2': CMAKE_PREFIX_PATH=/opt/ros/humble:/home/dd/task/install/multi_map_nav_interfaces:/home/dd/task/install/multi_map_nav /usr/bin/cmake --build /home/dd/task/build/multi_map_nav -- -j8 -l8
